Microsoft (R) Macro Assembler Version 14.00.23918.0	    03/06/17 19:19:49
Program5.asm						     Page 1 - 1


				;TITLE Program Template     (template.asm)

				; Author:	Sarah Harber
				; Course / Project ID   Program 5          Date:	03/04/17
				; Description:  Program to sort random integers.

				INCLUDE Irvine32.inc
			      C ; Include file for Irvine32.lib             (Irvine32.inc)
			      C 
			      C ;OPTION CASEMAP:NONE		; optional: make identifiers case-sensitive
			      C 
			      C INCLUDE SmallWin.inc		; MS-Windows prototypes, structures, and constants
			      C .NOLIST
			      C .LIST
			      C 
			      C INCLUDE VirtualKeys.inc
			      C ; VirtualKeys.inc
			      C .NOLIST
			      C .LIST
			      C 
			      C 
			      C .NOLIST
			      C .LIST
			      C 

				; (insert constant definitions here)
 = 0000000A			min = 10				; Global constant for min of the user request range
 = 000000C8			max = 200				; Global constant for max of the user request range
 = 00000064			lo = 100				; Global constant for lo of the integer range
 = 000003E7			hi = 999				; Global constant for hi of the integer range
 = 000004B0			MAX_SIZE = 1200			; Global constant for max size of an array		


 00000000			.data

				; (insert variable definitions here)

				; String based Variables
 00000000 53 6F 72 74 69	title1			BYTE		"Sorting Random Integers      Programmed by Sarah Harber",0						; Variable to hold title string
	   6E 67 20 52 61
	   6E 64 6F 6D 20
	   49 6E 74 65 67
	   65 72 73 20 20
	   20 20 20 20 50
	   72 6F 67 72 61
	   6D 6D 65 64 20
	   62 79 20 53 61
	   72 61 68 20 48
	   61 72 62 65 72
	   00
 00000038 54 68 69 73 20	instruction1	BYTE		"This program generates random numbers in the range [100 .. 999],",0			; Variable to hold instruction1 string
	   70 72 6F 67 72
	   61 6D 20 67 65
	   6E 65 72 61 74
	   65 73 20 72 61
	   6E 64 6F 6D 20
	   6E 75 6D 62 65
	   72 73 20 69 6E
	   20 74 68 65 20
	   72 61 6E 67 65
	   20 5B 31 30 30
	   20 2E 2E 20 39
	   39 39 5D 2C 00
 00000079 64 69 73 70 6C	instruction2	BYTE		"displays the original list, sorts the list and calculates the",0				; Variable to hold instruction2 string
	   61 79 73 20 74
	   68 65 20 6F 72
	   69 67 69 6E 61
	   6C 20 6C 69 73
	   74 2C 20 73 6F
	   72 74 73 20 74
	   68 65 20 6C 69
	   73 74 20 61 6E
	   64 20 63 61 6C
	   63 75 6C 61 74
	   65 73 20 74 68
	   65 00
 000000B7 6D 65 64 69 61	instruction3	BYTE		"median value.  Finally, it displays the list sorted in decending order.",0		; Variable to hold instruction3 string
	   6E 20 76 61 6C
	   75 65 2E 20 20
	   46 69 6E 61 6C
	   6C 79 2C 20 69
	   74 20 64 69 73
	   70 6C 61 79 73
	   20 74 68 65 20
	   6C 69 73 74 20
	   73 6F 72 74 65
	   64 20 69 6E 20
	   64 65 63 65 6E
	   64 69 6E 67 20
	   6F 72 64 65 72
	   2E 00
 000000FF 48 6F 77 20 6D	howManyNums		BYTE		"How many numbers sholuld be generated [10 .. 200] : ",0						; Variable to hold how many numbers string
	   61 6E 79 20 6E
	   75 6D 62 65 72
	   73 20 73 68 6F
	   6C 75 6C 64 20
	   62 65 20 67 65
	   6E 65 72 61 74
	   65 64 20 5B 31
	   30 20 2E 2E 20
	   32 30 30 5D 20
	   3A 20 00
 00000134 49 6E 76 61 6C	invalid			BYTE		"Invalid input",0																; Variable to hopld invalid input string
	   69 64 20 69 6E
	   70 75 74 00
 00000142 54 68 65 20 75	unsorted		BYTE		"The unsorted random numbers:", 0												; Variable to hold the unsorted string
	   6E 73 6F 72 74
	   65 64 20 72 61
	   6E 64 6F 6D 20
	   6E 75 6D 62 65
	   72 73 3A 00
 0000015F 54 68 65 20 73	sorted			BYTE		"The sorted list:",0															; Variable to hold the sorted string
	   6F 72 74 65 64
	   20 6C 69 73 74
	   3A 00
 00000170 54 68 65 20 6D	medianstr		BYTE		"The median is: ", 0															; Variable to hold the median string
	   65 64 69 61 6E
	   20 69 73 3A 20
	   00
 00000180 20 20 20 00		Spaces			BYTE		"   ",0																			; Variable to hold spaces

				; Integer Variables
 00000184 00000000		median			DWORD		?					; Variable to store the Median
 00000188 00000000		request			DWORD		?					; Variable to store the numbers Generated by user.
 0000018C			array			DWORD		MAX_SIZE DUP(?)		; Variable to store up to 200 elements in an array

 00000000			.code
 00000000			main PROC

				; (insert executable instructions here)

 00000000  E8 00000000 E	call	Randomize							; Call Randomize.
 00000005  E8 00000036		call	introduction						; Call the introduction procedure.

 0000000A  68 00000188 R	push	OFFSET			request				; Push Request onto the stack
 0000000F  E8 00000073		call	getData								; Call the get data procedure

 00000014  FF 35 00000188 R	push	request								; Push request onto the stack by value
 0000001A  68 0000018C R	push	OFFSET			array				; Push array onto the stack by reference.
 0000001F  E8 000000E8		call	fillArray							; Call the fill Array procedure.



 00000024  FF 35 00000188 R	push	request								; Push request onoto the stack by value
 0000002A  68 0000018C R	push	OFFSET			array				; Push array onto the stack by reference
 0000002F  68 00000142 R	push	OFFSET			unsorted				; Push the offset of title by reference
 00000034  E8 0000008D		call	displayList							; Call Display List procedure.

					exit	; exit to operating system
 00000039  6A 00	   *	    push   +000000000h
 0000003B  E8 00000000 E   *	    call   ExitProcess
 00000040			main ENDP

				; (insert additional procedures here)




				;**************************************************************************************
				; Procedure to show the introduction and instruction of the program
				; Receives: title1, instruction1, instruction2, instruction3
				; Returns: N/A
				; Precondition: N/A
				; Retisters changed: EDX 
				;_______________________________________________________________________________________
 00000040			introduction PROC
 00000040  BA 00000000 R		mov		edx,			OFFSET title1			; Move title variable to edx to write to screen.
 00000045  E8 00000000 E		call	WriteString								; Write title to the screen
 0000004A  E8 00000000 E		call	Crlf									; Clear Line
 0000004F  E8 00000000 E		call	Crlf									; Clear Line

 00000054  BA 00000038 R		mov		edx,			OFFSET instruction1		; Move instruction 1 variable to edx to write to the screen.
 00000059  E8 00000000 E		call	WriteString								; Write instruction 1 to the screen
 0000005E  E8 00000000 E		call	Crlf									; Clear line

 00000063  BA 00000079 R		mov		edx,			OFFSET instruction2		; Move instruction 2 variable to edx to write to the screen.
 00000068  E8 00000000 E		call	WriteString								; Write instruction 2 to the screen
 0000006D  E8 00000000 E		call	Crlf									; Clear line

 00000072  BA 000000B7 R		mov		edx,			OFFSET instruction3		; Move instruction 3 variable to edx to write to the screen.
 00000077  E8 00000000 E		call	WriteString								; Write instruction 3 to the screen
 0000007C  E8 00000000 E		call	Crlf									; Clear line
 00000081  E8 00000000 E		call	Crlf									; Clear Line

 00000086  C3				ret												; Return 
 00000087			introduction ENDP


				;**************************************************************************************
				; Procedure to show the introduction and instruction of the program
				; Receives: howManyNums
				; Returns: A value is put into request
				; Precondition: Request must be pushed onto the stack prior to calling the function.
				; Retisters changed: edx, esp, ebx, eax
				;_______________________________________________________________________________________
 00000087			getData PROC
 00000087				AdjustStack:
 00000087  55					push	ebp										; Push ebp onto stack
 00000088  8B EC				mov		ebp,			esp						; Move stack to ebp
					
 0000008A				GetRequest:
 0000008A  BA 000000FF R			mov		edx,			OFFSET howManyNums		; Move howManyNums variable to edx to write to screen.
 0000008F  E8 00000000 E			call	WriteString								; Write howManyNums to the console
 00000094  8B 5D 08				mov		ebx,			[EBP+8]					; Move address of request to ebx
 00000097  E8 00000000 E			call	ReadInt									; Read the number inetered by the user
 0000009C  89 03				mov		[ebx],			eax						; Move integer into request.

 0000009E				Validate:
 0000009E  83 F8 0A				cmp		eax,		min							; Compare request to min
 000000A1  7C 09				jl		NotValid								; If number entered is less than lo jump to Invalid
 000000A3  3D 000000C8				cmp		eax,		max							; Compare request to the maximum.
 000000A8  7F 02				jg		NotValid								; If number is larger jump to Not Valid
 000000AA  EB 11				jmp		Valid									; Otherwise jump to valid.

 000000AC				NotValid:
 000000AC  BA 00000134 R			mov		edx,			OFFSET invalid			; Move invalid into edx
 000000B1  E8 00000000 E			call	WriteString								; Write invalid to the screen
 000000B6  E8 00000000 E			call	Crlf									; Clear the line.
 000000BB  EB CD				jmp		GetRequest								; Jump back to Validate.

 000000BD				Valid:				
 000000BD  E8 00000000 E			call	Crlf									; Clear the Line								
 000000C2  5D					pop		ebp										; Pop old ebp back to ebp
 000000C3  C2 0004				ret		4										; Return + 4

 000000C6			getData ENDP

				;**************************************************************************************
				; Procedure to display the array.
				; Receives: @ array, @ title, Request
				; Returns: None
				; Precondition: Array must not be empty
				; Retisters changed:ebx, ebp, ecx, edi, eax, edx
				;_______________________________________________________________________________________
 000000C6			displayList PROC
					
 000000C6				Setup:
 000000C6  E8 00000000 E			call	Crlf									; Clear Line
 000000CB  BB 0000000A				mov		ebx,			10						; Move Line Counter to edx
 000000D0  55					push	ebp										; Push ebp onto stack
 000000D1  8B EC				mov		ebp,			esp						; Move stack to ebp
 000000D3  8B 4D 10				mov		ecx,			[ebp + 16]				; Move the number of numbers to generate into ECX (counter).
 000000D6  8B 7D 0C				mov		edi,			[ebp+12]				; @array in edi

 000000D9				Print:
 000000D9  8B 07				mov		eax,			[edi]					; Move edi to eax
 000000DB  E8 00000000 E			call	WriteDec								; Write Decimal
 000000E0  83 C7 04				add		edi,			4						; Add 4 to edi to access the next element in the array.
 000000E3  4B					dec		ebx										; Decrease ebx
 000000E4  83 FB 00				cmp		ebx,			0						; Compare ebx to 0.
 000000E7  74 0E				jz		Clearline								; If ebx is 0, jump to clear line
 000000E9  BA 00000180 R			mov		edx,			 OFFSET spaces			; Move spaces to edx to write to console
 000000EE  E8 00000000 E			call	WriteString								; Write spaces to console
 000000F3  E2 E4				loop	Print									; Loop to print rest of array
 000000F5  EB 0C				jmp		TheEnd									; Ottherwise jump to the end


 000000F7				ClearLine:
 000000F7  E8 00000000 E			call	Crlf									; Call Clear 
 000000FC  BB 0000000A				mov		ebx,			10						; Reset counter
 00000101  E2 D6				loop	Print									; Loop if need be

 00000103				TheEnd:
 00000103  E8 00000000 E			call	Crlf									; Clear the linw
 00000108  5D					pop		ebp										; Pop Ebp back to old ebp
 00000109  C2 000C				ret		12										; Return + 12

 0000010C			displayList ENDP


				;**************************************************************************************
				; Procedure to fill an array with random numbers between a range.
				; Receives: request & array
				; Returns: array (filled)
				; Precondition: request & array must be pushed onto the stack
				; Retisters changed:ebp, ecx, edi, eax
				;_______________________________________________________________________________________
 0000010C			fillArray PROC
					
 0000010C				Setup:
 0000010C  55					push	ebp										; Push ebp onto stack
 0000010D  8B EC				mov		ebp,			esp						; Move stack to ebp
 0000010F  8B 4D 0C				mov		ecx,			[ebp + 12]				; Move the number of numbers to generate into ECX (counter).
 00000112  8B 7D 08				mov		edi,			[ebp+8]					; @array in edi
 00000115				RandomNum:										; Code taken from lectures
 00000115  B8 000003E7				mov		eax,			hi						; Move hi into eax
 0000011A  83 E8 64				sub		eax,			lo						; Subtract low from eax
 0000011D  40					inc		eax										; Increase eax by 1
 0000011E  E8 00000000 E			call	RandomRange								; Call Random Range
 00000123  83 C0 64				add		eax,			lo						; Add lo to eax to get the random number
						
 00000126				StoreRandom:
 00000126  89 07				mov		[edi],			eax						; Move random number into array
 00000128  83 C7 04				add		edi,			4						; Add 4 to edi.
 0000012B  E2 E8				loop	RandomNum								; Loop back to Random Range

 0000012D				Finish:
 0000012D  5D					pop		ebp
 0000012E  C2 0008				ret		8
					
 00000131			fillArray ENDP

				;**************************************************************************************
				; Procedure sort the list
				; Receives:
				; Returns: 
				; Precondition: 
				; Retisters changed: 
				;_______________________________________________________________________________________
 00000131			SortList Proc


 00000131			SortList ENDP





				END main
Microsoft (R) Macro Assembler Version 14.00.23918.0	    03/06/17 19:19:49
Program5.asm						     Symbols 2 - 1




Structures and Unions:

                N a m e                  Size
                                         Offset      Type

CONSOLE_CURSOR_INFO  . . . . . .	 00000008
  dwSize . . . . . . . . . . . .	 00000000	 DWord
  bVisible . . . . . . . . . . .	 00000004	 DWord
CONSOLE_SCREEN_BUFFER_INFO . . .	 00000016
  dwSize . . . . . . . . . . . .	 00000000	 DWord
  dwCursorPosition . . . . . . .	 00000004	 DWord
  wAttributes  . . . . . . . . .	 00000008	 Word
  srWindow . . . . . . . . . . .	 0000000A	 QWord
  dwMaximumWindowSize  . . . . .	 00000012	 DWord
COORD  . . . . . . . . . . . . .	 00000004
  X  . . . . . . . . . . . . . .	 00000000	 Word
  Y  . . . . . . . . . . . . . .	 00000002	 Word
FILETIME . . . . . . . . . . . .	 00000008
  loDateTime . . . . . . . . . .	 00000000	 DWord
  hiDateTime . . . . . . . . . .	 00000004	 DWord
FOCUS_EVENT_RECORD . . . . . . .	 00000004
  bSetFocus  . . . . . . . . . .	 00000000	 DWord
FPU_ENVIRON  . . . . . . . . . .	 0000001C
  controlWord  . . . . . . . . .	 00000000	 Word
  statusWord . . . . . . . . . .	 00000004	 Word
  tagWord  . . . . . . . . . . .	 00000008	 Word
  instrPointerOffset . . . . . .	 0000000C	 DWord
  instrPointerSelector . . . . .	 00000010	 DWord
  operandPointerOffset . . . . .	 00000014	 DWord
  operandPointerSelector . . . .	 00000018	 Word
INPUT_RECORD . . . . . . . . . .	 00000014
  EventType  . . . . . . . . . .	 00000000	 Word
  Event  . . . . . . . . . . . .	 00000004	 XmmWord
  bKeyDown . . . . . . . . . . .	 00000000	 DWord
  wRepeatCount . . . . . . . . .	 00000004	 Word
  wVirtualKeyCode  . . . . . . .	 00000006	 Word
  wVirtualScanCode . . . . . . .	 00000008	 Word
  uChar  . . . . . . . . . . . .	 0000000A	 Word
  UnicodeChar  . . . . . . . . .	 00000000	 Word
  AsciiChar  . . . . . . . . . .	 00000000	 Byte
  dwControlKeyState  . . . . . .	 0000000C	 DWord
  dwMousePosition  . . . . . . .	 00000000	 DWord
  dwButtonState  . . . . . . . .	 00000004	 DWord
  dwMouseControlKeyState . . . .	 00000008	 DWord
  dwEventFlags . . . . . . . . .	 0000000C	 DWord
  dwSize . . . . . . . . . . . .	 00000000	 DWord
  dwCommandId  . . . . . . . . .	 00000000	 DWord
  bSetFocus  . . . . . . . . . .	 00000000	 DWord
KEY_EVENT_RECORD . . . . . . . .	 00000010
  bKeyDown . . . . . . . . . . .	 00000000	 DWord
  wRepeatCount . . . . . . . . .	 00000004	 Word
  wVirtualKeyCode  . . . . . . .	 00000006	 Word
  wVirtualScanCode . . . . . . .	 00000008	 Word
  uChar  . . . . . . . . . . . .	 0000000A	 Word
  UnicodeChar  . . . . . . . . .	 00000000	 Word
  AsciiChar  . . . . . . . . . .	 00000000	 Byte
  dwControlKeyState  . . . . . .	 0000000C	 DWord
MENU_EVENT_RECORD  . . . . . . .	 00000004
  dwCommandId  . . . . . . . . .	 00000000	 DWord
MOUSE_EVENT_RECORD . . . . . . .	 00000010
  dwMousePosition  . . . . . . .	 00000000	 DWord
  dwButtonState  . . . . . . . .	 00000004	 DWord
  dwMouseControlKeyState . . . .	 00000008	 DWord
  dwEventFlags . . . . . . . . .	 0000000C	 DWord
SMALL_RECT . . . . . . . . . . .	 00000008
  Left . . . . . . . . . . . . .	 00000000	 Word
  Top  . . . . . . . . . . . . .	 00000002	 Word
  Right  . . . . . . . . . . . .	 00000004	 Word
  Bottom . . . . . . . . . . . .	 00000006	 Word
SYSTEMTIME . . . . . . . . . . .	 00000010
  wYear  . . . . . . . . . . . .	 00000000	 Word
  wMonth . . . . . . . . . . . .	 00000002	 Word
  wDayOfWeek . . . . . . . . . .	 00000004	 Word
  wDay . . . . . . . . . . . . .	 00000006	 Word
  wHour  . . . . . . . . . . . .	 00000008	 Word
  wMinute  . . . . . . . . . . .	 0000000A	 Word
  wSecond  . . . . . . . . . . .	 0000000C	 Word
  wMilliseconds  . . . . . . . .	 0000000E	 Word
WINDOW_BUFFER_SIZE_RECORD  . . .	 00000004
  dwSize . . . . . . . . . . . .	 00000000	 DWord


Segments and Groups:

                N a m e                 Size     Length   Align   Combine Class

FLAT . . . . . . . . . . . . . .	GROUP
STACK  . . . . . . . . . . . . .	32 Bit	 00001000 Para	  Stack	  'STACK'	 
_DATA  . . . . . . . . . . . . .	32 Bit	 0000144C Para	  Public  'DATA'	
_TEXT  . . . . . . . . . . . . .	32 Bit	 00000131 Para	  Public  'CODE'	


Procedures, parameters, and locals:

                N a m e                 Type     Value    Attr

CloseFile  . . . . . . . . . . .	P Near	 00000000 FLAT	Length= 00000000 External STDCALL
CloseHandle  . . . . . . . . . .	P Near	 00000000 FLAT	Length= 00000000 External STDCALL
Clrscr . . . . . . . . . . . . .	P Near	 00000000 FLAT	Length= 00000000 External STDCALL
CreateFileA  . . . . . . . . . .	P Near	 00000000 FLAT	Length= 00000000 External STDCALL
CreateOutputFile . . . . . . . .	P Near	 00000000 FLAT	Length= 00000000 External STDCALL
Crlf . . . . . . . . . . . . . .	P Near	 00000000 FLAT	Length= 00000000 External STDCALL
Delay  . . . . . . . . . . . . .	P Near	 00000000 FLAT	Length= 00000000 External STDCALL
DumpMem  . . . . . . . . . . . .	P Near	 00000000 FLAT	Length= 00000000 External STDCALL
DumpRegs . . . . . . . . . . . .	P Near	 00000000 FLAT	Length= 00000000 External STDCALL
ExitProcess  . . . . . . . . . .	P Near	 00000000 FLAT	Length= 00000000 External STDCALL
FileTimeToDosDateTime  . . . . .	P Near	 00000000 FLAT	Length= 00000000 External STDCALL
FileTimeToSystemTime . . . . . .	P Near	 00000000 FLAT	Length= 00000000 External STDCALL
FlushConsoleInputBuffer  . . . .	P Near	 00000000 FLAT	Length= 00000000 External STDCALL
FormatMessageA . . . . . . . . .	P Near	 00000000 FLAT	Length= 00000000 External STDCALL
GetCommandLineA  . . . . . . . .	P Near	 00000000 FLAT	Length= 00000000 External STDCALL
GetCommandTail . . . . . . . . .	P Near	 00000000 FLAT	Length= 00000000 External STDCALL
GetConsoleCP . . . . . . . . . .	P Near	 00000000 FLAT	Length= 00000000 External STDCALL
GetConsoleCursorInfo . . . . . .	P Near	 00000000 FLAT	Length= 00000000 External STDCALL
GetConsoleMode . . . . . . . . .	P Near	 00000000 FLAT	Length= 00000000 External STDCALL
GetConsoleScreenBufferInfo . . .	P Near	 00000000 FLAT	Length= 00000000 External STDCALL
GetDateTime  . . . . . . . . . .	P Near	 00000000 FLAT	Length= 00000000 External STDCALL
GetFileTime  . . . . . . . . . .	P Near	 00000000 FLAT	Length= 00000000 External STDCALL
GetKeyState  . . . . . . . . . .	P Near	 00000000 FLAT	Length= 00000000 External STDCALL
GetLastError . . . . . . . . . .	P Near	 00000000 FLAT	Length= 00000000 External STDCALL
GetLocalTime . . . . . . . . . .	P Near	 00000000 FLAT	Length= 00000000 External STDCALL
GetMaxXY . . . . . . . . . . . .	P Near	 00000000 FLAT	Length= 00000000 External STDCALL
GetMseconds  . . . . . . . . . .	P Near	 00000000 FLAT	Length= 00000000 External STDCALL
GetNumberOfConsoleInputEvents  .	P Near	 00000000 FLAT	Length= 00000000 External STDCALL
GetProcessHeap . . . . . . . . .	P Near	 00000000 FLAT	Length= 00000000 External STDCALL
GetStdHandle . . . . . . . . . .	P Near	 00000000 FLAT	Length= 00000000 External STDCALL
GetSystemTime  . . . . . . . . .	P Near	 00000000 FLAT	Length= 00000000 External STDCALL
GetTextColor . . . . . . . . . .	P Near	 00000000 FLAT	Length= 00000000 External STDCALL
GetTickCount . . . . . . . . . .	P Near	 00000000 FLAT	Length= 00000000 External STDCALL
Gotoxy . . . . . . . . . . . . .	P Near	 00000000 FLAT	Length= 00000000 External STDCALL
HeapAlloc  . . . . . . . . . . .	P Near	 00000000 FLAT	Length= 00000000 External STDCALL
HeapCreate . . . . . . . . . . .	P Near	 00000000 FLAT	Length= 00000000 External STDCALL
HeapDestroy  . . . . . . . . . .	P Near	 00000000 FLAT	Length= 00000000 External STDCALL
HeapFree . . . . . . . . . . . .	P Near	 00000000 FLAT	Length= 00000000 External STDCALL
HeapSize . . . . . . . . . . . .	P Near	 00000000 FLAT	Length= 00000000 External STDCALL
IsDigit  . . . . . . . . . . . .	P Near	 00000000 FLAT	Length= 00000000 External STDCALL
LocalFree  . . . . . . . . . . .	P Near	 00000000 FLAT	Length= 00000000 External STDCALL
MessageBoxA  . . . . . . . . . .	P Near	 00000000 FLAT	Length= 00000000 External STDCALL
MsgBoxAsk  . . . . . . . . . . .	P Near	 00000000 FLAT	Length= 00000000 External STDCALL
MsgBox . . . . . . . . . . . . .	P Near	 00000000 FLAT	Length= 00000000 External STDCALL
OpenInputFile  . . . . . . . . .	P Near	 00000000 FLAT	Length= 00000000 External STDCALL
ParseDecimal32 . . . . . . . . .	P Near	 00000000 FLAT	Length= 00000000 External STDCALL
ParseInteger32 . . . . . . . . .	P Near	 00000000 FLAT	Length= 00000000 External STDCALL
PeekConsoleInputA  . . . . . . .	P Near	 00000000 FLAT	Length= 00000000 External STDCALL
Random32 . . . . . . . . . . . .	P Near	 00000000 FLAT	Length= 00000000 External STDCALL
RandomRange  . . . . . . . . . .	P Near	 00000000 FLAT	Length= 00000000 External STDCALL
Randomize  . . . . . . . . . . .	P Near	 00000000 FLAT	Length= 00000000 External STDCALL
ReadChar . . . . . . . . . . . .	P Near	 00000000 FLAT	Length= 00000000 External STDCALL
ReadConsoleA . . . . . . . . . .	P Near	 00000000 FLAT	Length= 00000000 External STDCALL
ReadConsoleInputA  . . . . . . .	P Near	 00000000 FLAT	Length= 00000000 External STDCALL
ReadDec  . . . . . . . . . . . .	P Near	 00000000 FLAT	Length= 00000000 External STDCALL
ReadFile . . . . . . . . . . . .	P Near	 00000000 FLAT	Length= 00000000 External STDCALL
ReadFloat  . . . . . . . . . . .	P Near	 00000000 FLAT	Length= 00000000 External STDCALL
ReadFromFile . . . . . . . . . .	P Near	 00000000 FLAT	Length= 00000000 External STDCALL
ReadHex  . . . . . . . . . . . .	P Near	 00000000 FLAT	Length= 00000000 External STDCALL
ReadInt  . . . . . . . . . . . .	P Near	 00000000 FLAT	Length= 00000000 External STDCALL
ReadKeyFlush . . . . . . . . . .	P Near	 00000000 FLAT	Length= 00000000 External STDCALL
ReadKey  . . . . . . . . . . . .	P Near	 00000000 FLAT	Length= 00000000 External STDCALL
ReadString . . . . . . . . . . .	P Near	 00000000 FLAT	Length= 00000000 External STDCALL
SetConsoleCursorInfo . . . . . .	P Near	 00000000 FLAT	Length= 00000000 External STDCALL
SetConsoleCursorPosition . . . .	P Near	 00000000 FLAT	Length= 00000000 External STDCALL
SetConsoleMode . . . . . . . . .	P Near	 00000000 FLAT	Length= 00000000 External STDCALL
SetConsoleScreenBufferSize . . .	P Near	 00000000 FLAT	Length= 00000000 External STDCALL
SetConsoleTextAttribute  . . . .	P Near	 00000000 FLAT	Length= 00000000 External STDCALL
SetConsoleTitleA . . . . . . . .	P Near	 00000000 FLAT	Length= 00000000 External STDCALL
SetConsoleWindowInfo . . . . . .	P Near	 00000000 FLAT	Length= 00000000 External STDCALL
SetFilePointer . . . . . . . . .	P Near	 00000000 FLAT	Length= 00000000 External STDCALL
SetLocalTime . . . . . . . . . .	P Near	 00000000 FLAT	Length= 00000000 External STDCALL
SetTextColor . . . . . . . . . .	P Near	 00000000 FLAT	Length= 00000000 External STDCALL
ShowFPUStack . . . . . . . . . .	P Near	 00000000 FLAT	Length= 00000000 External STDCALL
Sleep  . . . . . . . . . . . . .	P Near	 00000000 FLAT	Length= 00000000 External STDCALL
SortList . . . . . . . . . . . .	P Near	 00000131 _TEXT	Length= 00000000 Public STDCALL
StrLength  . . . . . . . . . . .	P Near	 00000000 FLAT	Length= 00000000 External STDCALL
Str_compare  . . . . . . . . . .	P Near	 00000000 FLAT	Length= 00000000 External STDCALL
Str_copy . . . . . . . . . . . .	P Near	 00000000 FLAT	Length= 00000000 External STDCALL
Str_length . . . . . . . . . . .	P Near	 00000000 FLAT	Length= 00000000 External STDCALL
Str_trim . . . . . . . . . . . .	P Near	 00000000 FLAT	Length= 00000000 External STDCALL
Str_ucase  . . . . . . . . . . .	P Near	 00000000 FLAT	Length= 00000000 External STDCALL
SystemTimeToFileTime . . . . . .	P Near	 00000000 FLAT	Length= 00000000 External STDCALL
WaitMsg  . . . . . . . . . . . .	P Near	 00000000 FLAT	Length= 00000000 External STDCALL
WriteBinB  . . . . . . . . . . .	P Near	 00000000 FLAT	Length= 00000000 External STDCALL
WriteBin . . . . . . . . . . . .	P Near	 00000000 FLAT	Length= 00000000 External STDCALL
WriteChar  . . . . . . . . . . .	P Near	 00000000 FLAT	Length= 00000000 External STDCALL
WriteConsoleA  . . . . . . . . .	P Near	 00000000 FLAT	Length= 00000000 External STDCALL
WriteConsoleOutputAttribute  . .	P Near	 00000000 FLAT	Length= 00000000 External STDCALL
WriteConsoleOutputCharacterA . .	P Near	 00000000 FLAT	Length= 00000000 External STDCALL
WriteDec . . . . . . . . . . . .	P Near	 00000000 FLAT	Length= 00000000 External STDCALL
WriteFile  . . . . . . . . . . .	P Near	 00000000 FLAT	Length= 00000000 External STDCALL
WriteFloat . . . . . . . . . . .	P Near	 00000000 FLAT	Length= 00000000 External STDCALL
WriteHexB  . . . . . . . . . . .	P Near	 00000000 FLAT	Length= 00000000 External STDCALL
WriteHex . . . . . . . . . . . .	P Near	 00000000 FLAT	Length= 00000000 External STDCALL
WriteInt . . . . . . . . . . . .	P Near	 00000000 FLAT	Length= 00000000 External STDCALL
WriteStackFrameName  . . . . . .	P Near	 00000000 FLAT	Length= 00000000 External STDCALL
WriteStackFrame  . . . . . . . .	P Near	 00000000 FLAT	Length= 00000000 External STDCALL
WriteString  . . . . . . . . . .	P Near	 00000000 FLAT	Length= 00000000 External STDCALL
WriteToFile  . . . . . . . . . .	P Near	 00000000 FLAT	Length= 00000000 External STDCALL
WriteWindowsMsg  . . . . . . . .	P Near	 00000000 FLAT	Length= 00000000 External STDCALL
displayList  . . . . . . . . . .	P Near	 000000C6 _TEXT	Length= 00000046 Public STDCALL
  Setup  . . . . . . . . . . . .	L Near	 000000C6 _TEXT	
  Print  . . . . . . . . . . . .	L Near	 000000D9 _TEXT	
  ClearLine  . . . . . . . . . .	L Near	 000000F7 _TEXT	
  TheEnd . . . . . . . . . . . .	L Near	 00000103 _TEXT	
fillArray  . . . . . . . . . . .	P Near	 0000010C _TEXT	Length= 00000025 Public STDCALL
  Setup  . . . . . . . . . . . .	L Near	 0000010C _TEXT	
  RandomNum  . . . . . . . . . .	L Near	 00000115 _TEXT	
  StoreRandom  . . . . . . . . .	L Near	 00000126 _TEXT	
  Finish . . . . . . . . . . . .	L Near	 0000012D _TEXT	
getData  . . . . . . . . . . . .	P Near	 00000087 _TEXT	Length= 0000003F Public STDCALL
  AdjustStack  . . . . . . . . .	L Near	 00000087 _TEXT	
  GetRequest . . . . . . . . . .	L Near	 0000008A _TEXT	
  Validate . . . . . . . . . . .	L Near	 0000009E _TEXT	
  NotValid . . . . . . . . . . .	L Near	 000000AC _TEXT	
  Valid  . . . . . . . . . . . .	L Near	 000000BD _TEXT	
introduction . . . . . . . . . .	P Near	 00000040 _TEXT	Length= 00000047 Public STDCALL
main . . . . . . . . . . . . . .	P Near	 00000000 _TEXT	Length= 00000040 Public STDCALL
printf . . . . . . . . . . . . .	P Near	 00000000 FLAT	Length= 00000000 External C
scanf  . . . . . . . . . . . . .	P Near	 00000000 FLAT	Length= 00000000 External C
wsprintfA  . . . . . . . . . . .	P Near	 00000000 FLAT	Length= 00000000 External C


Symbols:

                N a m e                 Type     Value    Attr

@CodeSize  . . . . . . . . . . .	Number	 00000000h   
@DataSize  . . . . . . . . . . .	Number	 00000000h   
@Interface . . . . . . . . . . .	Number	 00000003h   
@Model . . . . . . . . . . . . .	Number	 00000007h   
@code  . . . . . . . . . . . . .	Text   	 _TEXT
@data  . . . . . . . . . . . . .	Text   	 FLAT
@fardata?  . . . . . . . . . . .	Text   	 FLAT
@fardata . . . . . . . . . . . .	Text   	 FLAT
@stack . . . . . . . . . . . . .	Text   	 FLAT
ALT_MASK . . . . . . . . . . . .	Number	 00000003h   
CAPSLOCK_ON  . . . . . . . . . .	Number	 00000080h   
CREATE_ALWAYS  . . . . . . . . .	Number	 00000002h   
CREATE_NEW . . . . . . . . . . .	Number	 00000001h   
CTRL_MASK  . . . . . . . . . . .	Number	 0000000Ch   
CreateFile . . . . . . . . . . .	Text   	 CreateFileA
DO_NOT_SHARE . . . . . . . . . .	Number	 00000000h   
ENABLE_ECHO_INPUT  . . . . . . .	Number	 00000004h   
ENABLE_LINE_INPUT  . . . . . . .	Number	 00000002h   
ENABLE_MOUSE_INPUT . . . . . . .	Number	 00000010h   
ENABLE_PROCESSED_INPUT . . . . .	Number	 00000001h   
ENABLE_PROCESSED_OUTPUT  . . . .	Number	 00000001h   
ENABLE_WINDOW_INPUT  . . . . . .	Number	 00000008h   
ENABLE_WRAP_AT_EOL_OUTPUT  . . .	Number	 00000002h   
ENHANCED_KEY . . . . . . . . . .	Number	 00000100h   
FALSE  . . . . . . . . . . . . .	Number	 00000000h   
FILE_APPEND_DATA . . . . . . . .	Number	 00000004h   
FILE_ATTRIBUTE_ARCHIVE . . . . .	Number	 00000020h   
FILE_ATTRIBUTE_COMPRESSED  . . .	Number	 00000800h   
FILE_ATTRIBUTE_DEVICE  . . . . .	Number	 00000040h   
FILE_ATTRIBUTE_DIRECTORY . . . .	Number	 00000010h   
FILE_ATTRIBUTE_ENCRYPTED . . . .	Number	 00004000h   
FILE_ATTRIBUTE_HIDDEN  . . . . .	Number	 00000002h   
FILE_ATTRIBUTE_NORMAL  . . . . .	Number	 00000080h   
FILE_ATTRIBUTE_NOT_CONTENT_INDEXED .	Number	 00002000h   
FILE_ATTRIBUTE_OFFLINE . . . . .	Number	 00001000h   
FILE_ATTRIBUTE_READONLY  . . . .	Number	 00000001h   
FILE_ATTRIBUTE_REPARSE_POINT . .	Number	 00000400h   
FILE_ATTRIBUTE_SPARSE_FILE . . .	Number	 00000200h   
FILE_ATTRIBUTE_SYSTEM  . . . . .	Number	 00000004h   
FILE_ATTRIBUTE_TEMPORARY . . . .	Number	 00000100h   
FILE_BEGIN . . . . . . . . . . .	Number	 00000000h   
FILE_CURRENT . . . . . . . . . .	Number	 00000001h   
FILE_DELETE_CHILD  . . . . . . .	Number	 00000040h   
FILE_END . . . . . . . . . . . .	Number	 00000002h   
FILE_READ_DATA . . . . . . . . .	Number	 00000001h   
FILE_SHARE_DELETE  . . . . . . .	Number	 00000004h   
FILE_SHARE_READ  . . . . . . . .	Number	 00000001h   
FILE_SHARE_WRITE . . . . . . . .	Number	 00000002h   
FILE_WRITE_DATA  . . . . . . . .	Number	 00000002h   
FOCUS_EVENT  . . . . . . . . . .	Number	 00000010h   
FORMAT_MESSAGE_ALLOCATE_BUFFER .	Number	 00000100h   
FORMAT_MESSAGE_FROM_SYSTEM . . .	Number	 00001000h   
FormatMessage  . . . . . . . . .	Text   	 FormatMessageA
GENERIC_ALL  . . . . . . . . . .	Number	 10000000h   
GENERIC_EXECUTE  . . . . . . . .	Number	 20000000h   
GENERIC_READ . . . . . . . . . .	Number	 -80000000h   
GENERIC_WRITE  . . . . . . . . .	Number	 40000000h   
GetCommandLine . . . . . . . . .	Text   	 GetCommandLineA
HANDLE . . . . . . . . . . . . .	Text   	 DWORD
HEAP_GENERATE_EXCEPTIONS . . . .	Number	 00000004h   
HEAP_GROWABLE  . . . . . . . . .	Number	 00000002h   
HEAP_NO_SERIALIZE  . . . . . . .	Number	 00000001h   
HEAP_REALLOC_IN_PLACE_ONLY . . .	Number	 00000010h   
HEAP_ZERO_MEMORY . . . . . . . .	Number	 00000008h   
IDABORT  . . . . . . . . . . . .	Number	 00000003h   
IDCANCEL . . . . . . . . . . . .	Number	 00000002h   
IDCLOSE  . . . . . . . . . . . .	Number	 00000008h   
IDCONTINUE . . . . . . . . . . .	Number	 0000000Bh   
IDHELP . . . . . . . . . . . . .	Number	 00000009h   
IDIGNORE . . . . . . . . . . . .	Number	 00000005h   
IDNO . . . . . . . . . . . . . .	Number	 00000007h   
IDOK . . . . . . . . . . . . . .	Number	 00000001h   
IDRETRY  . . . . . . . . . . . .	Number	 00000004h   
IDTIMEOUT  . . . . . . . . . . .	Number	 00007D00h   
IDTRYAGAIN . . . . . . . . . . .	Number	 0000000Ah   
IDYES  . . . . . . . . . . . . .	Number	 00000006h   
INVALID_HANDLE_VALUE . . . . . .	Number	 -00000001h   
KBDOWN_FLAG  . . . . . . . . . .	Number	 00000001h   
KEY_EVENT  . . . . . . . . . . .	Number	 00000001h   
KEY_MASKS  . . . . . . . . . . .	Number	 0000001Fh   
LEFT_ALT_PRESSED . . . . . . . .	Number	 00000002h   
LEFT_CTRL_PRESSED  . . . . . . .	Number	 00000008h   
MAX_SIZE . . . . . . . . . . . .	Number	 000004B0h   
MB_ABORTRETRYIGNORE  . . . . . .	Number	 00000002h   
MB_APPLMODAL . . . . . . . . . .	Number	 00000000h   
MB_CANCELTRYCONTINUE . . . . . .	Number	 00000006h   
MB_DEFBUTTON1  . . . . . . . . .	Number	 00000000h   
MB_DEFBUTTON2  . . . . . . . . .	Number	 00000100h   
MB_DEFBUTTON3  . . . . . . . . .	Number	 00000200h   
MB_DEFBUTTON4  . . . . . . . . .	Number	 00000300h   
MB_HELP  . . . . . . . . . . . .	Number	 00004000h   
MB_ICONASTERISK  . . . . . . . .	Number	 00000040h   
MB_ICONERROR . . . . . . . . . .	Number	 00000010h   
MB_ICONEXCLAMATION . . . . . . .	Number	 00000030h   
MB_ICONHAND  . . . . . . . . . .	Number	 00000010h   
MB_ICONINFORMATION . . . . . . .	Number	 00000040h   
MB_ICONQUESTION  . . . . . . . .	Number	 00000020h   
MB_ICONSTOP  . . . . . . . . . .	Number	 00000010h   
MB_ICONWARNING . . . . . . . . .	Number	 00000030h   
MB_OKCANCEL  . . . . . . . . . .	Number	 00000001h   
MB_OK  . . . . . . . . . . . . .	Number	 00000000h   
MB_RETRYCANCEL . . . . . . . . .	Number	 00000005h   
MB_SYSTEMMODAL . . . . . . . . .	Number	 00001000h   
MB_TASKMODAL . . . . . . . . . .	Number	 00002000h   
MB_USERICON  . . . . . . . . . .	Number	 00000080h   
MB_YESNOCANCEL . . . . . . . . .	Number	 00000003h   
MB_YESNO . . . . . . . . . . . .	Number	 00000004h   
MENU_EVENT . . . . . . . . . . .	Number	 00000008h   
MOUSE_EVENT  . . . . . . . . . .	Number	 00000002h   
MessageBox . . . . . . . . . . .	Text   	 MessageBoxA
NULL . . . . . . . . . . . . . .	Number	 00000000h   
NUMLOCK_ON . . . . . . . . . . .	Number	 00000020h   
OPEN_ALWAYS  . . . . . . . . . .	Number	 00000004h   
OPEN_EXISTING  . . . . . . . . .	Number	 00000003h   
PeekConsoleInput . . . . . . . .	Text   	 PeekConsoleInputA
RIGHT_ALT_PRESSED  . . . . . . .	Number	 00000001h   
RIGHT_CTRL_PRESSED . . . . . . .	Number	 00000004h   
ReadConsoleInput . . . . . . . .	Text   	 ReadConsoleInputA
ReadConsole  . . . . . . . . . .	Text   	 ReadConsoleA
SCROLLLOCK_ON  . . . . . . . . .	Number	 00000040h   
SHIFT_MASK . . . . . . . . . . .	Number	 00000010h   
SHIFT_PRESSED  . . . . . . . . .	Number	 00000010h   
STD_ERROR_HANDLE . . . . . . . .	Number	 -0000000Ch   
STD_INPUT_HANDLE . . . . . . . .	Number	 -0000000Ah   
STD_OUTPUT_HANDLE  . . . . . . .	Number	 -0000000Bh   
SetConsoleTitle  . . . . . . . .	Text   	 SetConsoleTitleA
Spaces . . . . . . . . . . . . .	Byte	 00000180 _DATA	
TAB  . . . . . . . . . . . . . .	Number	 00000009h   
TRUE . . . . . . . . . . . . . .	Number	 00000001h   
TRUNCATE_EXISTING  . . . . . . .	Number	 00000005h   
VK_11  . . . . . . . . . . . . .	Number	 000000BDh   
VK_12  . . . . . . . . . . . . .	Number	 000000BBh   
VK_ADD . . . . . . . . . . . . .	Number	 0000006Bh   
VK_BACK  . . . . . . . . . . . .	Number	 00000008h   
VK_CANCEL  . . . . . . . . . . .	Number	 00000003h   
VK_CAPITAL . . . . . . . . . . .	Number	 00000014h   
VK_CLEAR . . . . . . . . . . . .	Number	 0000000Ch   
VK_CONTROL . . . . . . . . . . .	Number	 00000011h   
VK_DECIMAL . . . . . . . . . . .	Number	 0000006Eh   
VK_DELETE  . . . . . . . . . . .	Number	 0000002Eh   
VK_DIVIDE  . . . . . . . . . . .	Number	 0000006Fh   
VK_DOWN  . . . . . . . . . . . .	Number	 00000028h   
VK_END . . . . . . . . . . . . .	Number	 00000023h   
VK_ESCAPE  . . . . . . . . . . .	Number	 0000001Bh   
VK_EXECUTE . . . . . . . . . . .	Number	 0000002Bh   
VK_F10 . . . . . . . . . . . . .	Number	 00000079h   
VK_F11 . . . . . . . . . . . . .	Number	 0000007Ah   
VK_F12 . . . . . . . . . . . . .	Number	 0000007Bh   
VK_F13 . . . . . . . . . . . . .	Number	 0000007Ch   
VK_F14 . . . . . . . . . . . . .	Number	 0000007Dh   
VK_F15 . . . . . . . . . . . . .	Number	 0000007Eh   
VK_F16 . . . . . . . . . . . . .	Number	 0000007Fh   
VK_F17 . . . . . . . . . . . . .	Number	 00000080h   
VK_F18 . . . . . . . . . . . . .	Number	 00000081h   
VK_F19 . . . . . . . . . . . . .	Number	 00000082h   
VK_F1  . . . . . . . . . . . . .	Number	 00000070h   
VK_F20 . . . . . . . . . . . . .	Number	 00000083h   
VK_F21 . . . . . . . . . . . . .	Number	 00000084h   
VK_F22 . . . . . . . . . . . . .	Number	 00000085h   
VK_F23 . . . . . . . . . . . . .	Number	 00000086h   
VK_F24 . . . . . . . . . . . . .	Number	 00000087h   
VK_F2  . . . . . . . . . . . . .	Number	 00000071h   
VK_F3  . . . . . . . . . . . . .	Number	 00000072h   
VK_F4  . . . . . . . . . . . . .	Number	 00000073h   
VK_F5  . . . . . . . . . . . . .	Number	 00000074h   
VK_F6  . . . . . . . . . . . . .	Number	 00000075h   
VK_F7  . . . . . . . . . . . . .	Number	 00000076h   
VK_F8  . . . . . . . . . . . . .	Number	 00000077h   
VK_F9  . . . . . . . . . . . . .	Number	 00000078h   
VK_HELP  . . . . . . . . . . . .	Number	 0000002Fh   
VK_HOME  . . . . . . . . . . . .	Number	 00000024h   
VK_INSERT  . . . . . . . . . . .	Number	 0000002Dh   
VK_LBUTTON . . . . . . . . . . .	Number	 00000001h   
VK_LCONTROL  . . . . . . . . . .	Number	 000000A2h   
VK_LEFT  . . . . . . . . . . . .	Number	 00000025h   
VK_LMENU . . . . . . . . . . . .	Number	 000000A4h   
VK_LSHIFT  . . . . . . . . . . .	Number	 000000A0h   
VK_MENU  . . . . . . . . . . . .	Number	 00000012h   
VK_MULTIPLY  . . . . . . . . . .	Number	 0000006Ah   
VK_NEXT  . . . . . . . . . . . .	Number	 00000022h   
VK_NUMLOCK . . . . . . . . . . .	Number	 00000090h   
VK_NUMPAD0 . . . . . . . . . . .	Number	 00000060h   
VK_NUMPAD1 . . . . . . . . . . .	Number	 00000061h   
VK_NUMPAD2 . . . . . . . . . . .	Number	 00000062h   
VK_NUMPAD3 . . . . . . . . . . .	Number	 00000063h   
VK_NUMPAD4 . . . . . . . . . . .	Number	 00000064h   
VK_NUMPAD5 . . . . . . . . . . .	Number	 00000065h   
VK_NUMPAD6 . . . . . . . . . . .	Number	 00000066h   
VK_NUMPAD7 . . . . . . . . . . .	Number	 00000067h   
VK_NUMPAD8 . . . . . . . . . . .	Number	 00000068h   
VK_NUMPAD9 . . . . . . . . . . .	Number	 00000069h   
VK_PAUSE . . . . . . . . . . . .	Number	 00000013h   
VK_PRINT . . . . . . . . . . . .	Number	 0000002Ah   
VK_PRIOR . . . . . . . . . . . .	Number	 00000021h   
VK_RBUTTON . . . . . . . . . . .	Number	 00000002h   
VK_RCONTROL  . . . . . . . . . .	Number	 000000A3h   
VK_RETURN  . . . . . . . . . . .	Number	 0000000Dh   
VK_RIGHT . . . . . . . . . . . .	Number	 00000027h   
VK_RMENU . . . . . . . . . . . .	Number	 000000A5h   
VK_RSHIFT  . . . . . . . . . . .	Number	 000000A1h   
VK_SCROLL  . . . . . . . . . . .	Number	 00000091h   
VK_SEPARATER . . . . . . . . . .	Number	 0000006Ch   
VK_SHIFT . . . . . . . . . . . .	Number	 00000010h   
VK_SNAPSHOT  . . . . . . . . . .	Number	 0000002Ch   
VK_SPACE . . . . . . . . . . . .	Number	 00000020h   
VK_SUBTRACT  . . . . . . . . . .	Number	 0000006Dh   
VK_TAB . . . . . . . . . . . . .	Number	 00000009h   
VK_UP  . . . . . . . . . . . . .	Number	 00000026h   
WINDOW_BUFFER_SIZE_EVENT . . . .	Number	 00000004h   
WriteConsoleOutputCharacter  . .	Text   	 WriteConsoleOutputCharacterA
WriteConsole . . . . . . . . . .	Text   	 WriteConsoleA
array  . . . . . . . . . . . . .	DWord	 0000018C _DATA	
black  . . . . . . . . . . . . .	Number	 00000000h   
blue . . . . . . . . . . . . . .	Number	 00000001h   
brown  . . . . . . . . . . . . .	Number	 00000006h   
cyan . . . . . . . . . . . . . .	Number	 00000003h   
exit . . . . . . . . . . . . . .	Text   	 INVOKE ExitProcess,0
gray . . . . . . . . . . . . . .	Number	 00000008h   
green  . . . . . . . . . . . . .	Number	 00000002h   
hi . . . . . . . . . . . . . . .	Number	 000003E7h   
howManyNums  . . . . . . . . . .	Byte	 000000FF _DATA	
instruction1 . . . . . . . . . .	Byte	 00000038 _DATA	
instruction2 . . . . . . . . . .	Byte	 00000079 _DATA	
instruction3 . . . . . . . . . .	Byte	 000000B7 _DATA	
invalid  . . . . . . . . . . . .	Byte	 00000134 _DATA	
lightBlue  . . . . . . . . . . .	Number	 00000009h   
lightCyan  . . . . . . . . . . .	Number	 0000000Bh   
lightGray  . . . . . . . . . . .	Number	 00000007h   
lightGreen . . . . . . . . . . .	Number	 0000000Ah   
lightMagenta . . . . . . . . . .	Number	 0000000Dh   
lightRed . . . . . . . . . . . .	Number	 0000000Ch   
lo . . . . . . . . . . . . . . .	Number	 00000064h   
magenta  . . . . . . . . . . . .	Number	 00000005h   
max  . . . . . . . . . . . . . .	Number	 000000C8h   
medianstr  . . . . . . . . . . .	Byte	 00000170 _DATA	
median . . . . . . . . . . . . .	DWord	 00000184 _DATA	
min  . . . . . . . . . . . . . .	Number	 0000000Ah   
red  . . . . . . . . . . . . . .	Number	 00000004h   
request  . . . . . . . . . . . .	DWord	 00000188 _DATA	
sorted . . . . . . . . . . . . .	Byte	 0000015F _DATA	
title1 . . . . . . . . . . . . .	Byte	 00000000 _DATA	
unsorted . . . . . . . . . . . .	Byte	 00000142 _DATA	
white  . . . . . . . . . . . . .	Number	 0000000Fh   
wsprintf . . . . . . . . . . . .	Text   	 wsprintfA
yellow . . . . . . . . . . . . .	Number	 0000000Eh   

	   0 Warnings
	   0 Errors
